/home/nastasiyaogokhiya/files_here/ | 2025-09-23 14:34:48 | INFO | Программа синхронизации запущена!
/home/nastasiyaogokhiya/files_here/ | 2025-09-23 14:38:13 | INFO | Файл komarovo.txt успешно загружен.
/home/nastasiyaogokhiya/files_here/ | 2025-09-23 14:38:54 | ERROR | Ошибка запроса: 409 Client Error: CONFLICT for url: https://cloud-api.yandex.net/v1/disk/resources/upload?path=%2Fbackup%2Fkomarovo.txt&overwrite=false
/home/nastasiyaogokhiya/files_here/ | 2025-09-23 14:38:54 | ERROR | Ошибка загрузки файла komarovo.txt: Ошибка сети при операции 'GET https://cloud-api.yandex.net/v1/disk/resources/upload': 409 Client Error: CONFLICT for url: https://cloud-api.yandex.net/v1/disk/resources/upload?path=%2Fbackup%2Fkomarovo.txt&overwrite=false
/home/nastasiyaogokhiya/files_here/ | 2025-09-23 14:38:54 | ERROR | Ошибка во время синхронизации: Ошибка сети при операции 'загрузка файла': Ошибка сети при операции 'GET https://cloud-api.yandex.net/v1/disk/resources/upload': 409 Client Error: CONFLICT for url: https://cloud-api.yandex.net/v1/disk/resources/upload?path=%2Fbackup%2Fkomarovo.txt&overwrite=false
/home/nastasiyaogokhiya/files_here/ | 2025-09-23 14:39:35 | ERROR | Ошибка запроса: 409 Client Error: CONFLICT for url: https://cloud-api.yandex.net/v1/disk/resources/upload?path=%2Fbackup%2Fkomarovo.txt&overwrite=false
/home/nastasiyaogokhiya/files_here/ | 2025-09-23 14:39:35 | ERROR | Ошибка загрузки файла komarovo.txt: Ошибка сети при операции 'GET https://cloud-api.yandex.net/v1/disk/resources/upload': 409 Client Error: CONFLICT for url: https://cloud-api.yandex.net/v1/disk/resources/upload?path=%2Fbackup%2Fkomarovo.txt&overwrite=false
/home/nastasiyaogokhiya/files_here/ | 2025-09-23 14:39:35 | ERROR | Ошибка во время синхронизации: Ошибка сети при операции 'загрузка файла': Ошибка сети при операции 'GET https://cloud-api.yandex.net/v1/disk/resources/upload': 409 Client Error: CONFLICT for url: https://cloud-api.yandex.net/v1/disk/resources/upload?path=%2Fbackup%2Fkomarovo.txt&overwrite=false
/home/nastasiyaogokhiya/files_here/ | 2025-09-23 14:40:17 | ERROR | Ошибка запроса: 409 Client Error: CONFLICT for url: https://cloud-api.yandex.net/v1/disk/resources/upload?path=%2Fbackup%2Fkomarovo.txt&overwrite=false
/home/nastasiyaogokhiya/files_here/ | 2025-09-23 14:40:17 | ERROR | Ошибка загрузки файла komarovo.txt: Ошибка сети при операции 'GET https://cloud-api.yandex.net/v1/disk/resources/upload': 409 Client Error: CONFLICT for url: https://cloud-api.yandex.net/v1/disk/resources/upload?path=%2Fbackup%2Fkomarovo.txt&overwrite=false
/home/nastasiyaogokhiya/files_here/ | 2025-09-23 14:40:17 | ERROR | Ошибка во время синхронизации: Ошибка сети при операции 'загрузка файла': Ошибка сети при операции 'GET https://cloud-api.yandex.net/v1/disk/resources/upload': 409 Client Error: CONFLICT for url: https://cloud-api.yandex.net/v1/disk/resources/upload?path=%2Fbackup%2Fkomarovo.txt&overwrite=false
/home/nastasiyaogokhiya/files_here/ | 2025-09-23 14:40:58 | ERROR | Ошибка запроса: 409 Client Error: CONFLICT for url: https://cloud-api.yandex.net/v1/disk/resources/upload?path=%2Fbackup%2Fkomarovo.txt&overwrite=false
/home/nastasiyaogokhiya/files_here/ | 2025-09-23 14:40:58 | ERROR | Ошибка загрузки файла komarovo.txt: Ошибка сети при операции 'GET https://cloud-api.yandex.net/v1/disk/resources/upload': 409 Client Error: CONFLICT for url: https://cloud-api.yandex.net/v1/disk/resources/upload?path=%2Fbackup%2Fkomarovo.txt&overwrite=false
/home/nastasiyaogokhiya/files_here/ | 2025-09-23 14:40:58 | ERROR | Ошибка во время синхронизации: Ошибка сети при операции 'загрузка файла': Ошибка сети при операции 'GET https://cloud-api.yandex.net/v1/disk/resources/upload': 409 Client Error: CONFLICT for url: https://cloud-api.yandex.net/v1/disk/resources/upload?path=%2Fbackup%2Fkomarovo.txt&overwrite=false
/home/nastasiyaogokhiya/files_here/ | 2025-09-23 14:43:40 | INFO | Программа синхронизации запущена!
/home/nastasiyaogokhiya/files_here/ | 2025-09-23 14:45:10 | INFO | Файл komarovo.txt успешно удалён.
/home/nastasiyaogokhiya/files_here/ | 2025-09-23 14:47:58 | INFO | Файл privet.txt успешно загружен.
/home/nastasiyaogokhiya/files_here/ | 2025-09-23 14:48:38 | ERROR | Ошибка запроса: 409 Client Error: CONFLICT for url: https://cloud-api.yandex.net/v1/disk/resources/upload?path=%2Fbackup%2Fprivet.txt&overwrite=false
/home/nastasiyaogokhiya/files_here/ | 2025-09-23 14:48:38 | ERROR | Ошибка загрузки файла privet.txt: Ошибка сети при операции 'GET https://cloud-api.yandex.net/v1/disk/resources/upload': 409 Client Error: CONFLICT for url: https://cloud-api.yandex.net/v1/disk/resources/upload?path=%2Fbackup%2Fprivet.txt&overwrite=false
/home/nastasiyaogokhiya/files_here/ | 2025-09-23 14:48:38 | ERROR | Ошибка во время синхронизации: Ошибка сети при операции 'загрузка файла': Ошибка сети при операции 'GET https://cloud-api.yandex.net/v1/disk/resources/upload': 409 Client Error: CONFLICT for url: https://cloud-api.yandex.net/v1/disk/resources/upload?path=%2Fbackup%2Fprivet.txt&overwrite=false
/home/nastasiyaogokhiya/files_here/ | 2025-09-23 14:49:19 | ERROR | Ошибка запроса: 409 Client Error: CONFLICT for url: https://cloud-api.yandex.net/v1/disk/resources/upload?path=%2Fbackup%2Fprivet.txt&overwrite=false
/home/nastasiyaogokhiya/files_here/ | 2025-09-23 14:49:19 | ERROR | Ошибка загрузки файла privet.txt: Ошибка сети при операции 'GET https://cloud-api.yandex.net/v1/disk/resources/upload': 409 Client Error: CONFLICT for url: https://cloud-api.yandex.net/v1/disk/resources/upload?path=%2Fbackup%2Fprivet.txt&overwrite=false
/home/nastasiyaogokhiya/files_here/ | 2025-09-23 14:49:19 | ERROR | Ошибка во время синхронизации: Ошибка сети при операции 'загрузка файла': Ошибка сети при операции 'GET https://cloud-api.yandex.net/v1/disk/resources/upload': 409 Client Error: CONFLICT for url: https://cloud-api.yandex.net/v1/disk/resources/upload?path=%2Fbackup%2Fprivet.txt&overwrite=false
/home/nastasiyaogokhiya/files_here/ | 2025-09-23 14:50:00 | ERROR | Ошибка запроса: 409 Client Error: CONFLICT for url: https://cloud-api.yandex.net/v1/disk/resources/upload?path=%2Fbackup%2Fprivet.txt&overwrite=false
/home/nastasiyaogokhiya/files_here/ | 2025-09-23 14:50:00 | ERROR | Ошибка загрузки файла privet.txt: Ошибка сети при операции 'GET https://cloud-api.yandex.net/v1/disk/resources/upload': 409 Client Error: CONFLICT for url: https://cloud-api.yandex.net/v1/disk/resources/upload?path=%2Fbackup%2Fprivet.txt&overwrite=false
/home/nastasiyaogokhiya/files_here/ | 2025-09-23 14:50:00 | ERROR | Ошибка во время синхронизации: Ошибка сети при операции 'загрузка файла': Ошибка сети при операции 'GET https://cloud-api.yandex.net/v1/disk/resources/upload': 409 Client Error: CONFLICT for url: https://cloud-api.yandex.net/v1/disk/resources/upload?path=%2Fbackup%2Fprivet.txt&overwrite=false
/home/nastasiyaogokhiya/files_here/ | 2025-09-23 14:50:41 | ERROR | Ошибка запроса: 409 Client Error: CONFLICT for url: https://cloud-api.yandex.net/v1/disk/resources/upload?path=%2Fbackup%2Fprivet.txt&overwrite=false
/home/nastasiyaogokhiya/files_here/ | 2025-09-23 14:50:41 | ERROR | Ошибка загрузки файла privet.txt: Ошибка сети при операции 'GET https://cloud-api.yandex.net/v1/disk/resources/upload': 409 Client Error: CONFLICT for url: https://cloud-api.yandex.net/v1/disk/resources/upload?path=%2Fbackup%2Fprivet.txt&overwrite=false
/home/nastasiyaogokhiya/files_here/ | 2025-09-23 14:50:41 | ERROR | Ошибка во время синхронизации: Ошибка сети при операции 'загрузка файла': Ошибка сети при операции 'GET https://cloud-api.yandex.net/v1/disk/resources/upload': 409 Client Error: CONFLICT for url: https://cloud-api.yandex.net/v1/disk/resources/upload?path=%2Fbackup%2Fprivet.txt&overwrite=false
/home/nastasiyaogokhiya/files_here/ | 2025-09-23 14:51:22 | ERROR | Ошибка запроса: 409 Client Error: CONFLICT for url: https://cloud-api.yandex.net/v1/disk/resources/upload?path=%2Fbackup%2Fprivet.txt&overwrite=false
/home/nastasiyaogokhiya/files_here/ | 2025-09-23 14:51:22 | ERROR | Ошибка загрузки файла privet.txt: Ошибка сети при операции 'GET https://cloud-api.yandex.net/v1/disk/resources/upload': 409 Client Error: CONFLICT for url: https://cloud-api.yandex.net/v1/disk/resources/upload?path=%2Fbackup%2Fprivet.txt&overwrite=false
/home/nastasiyaogokhiya/files_here/ | 2025-09-23 14:51:22 | ERROR | Ошибка во время синхронизации: Ошибка сети при операции 'загрузка файла': Ошибка сети при операции 'GET https://cloud-api.yandex.net/v1/disk/resources/upload': 409 Client Error: CONFLICT for url: https://cloud-api.yandex.net/v1/disk/resources/upload?path=%2Fbackup%2Fprivet.txt&overwrite=false
/home/nastasiyaogokhiya/files_here/ | 2025-09-23 14:52:03 | ERROR | Ошибка запроса: 409 Client Error: CONFLICT for url: https://cloud-api.yandex.net/v1/disk/resources/upload?path=%2Fbackup%2Fprivet.txt&overwrite=false
/home/nastasiyaogokhiya/files_here/ | 2025-09-23 14:52:03 | ERROR | Ошибка загрузки файла privet.txt: Ошибка сети при операции 'GET https://cloud-api.yandex.net/v1/disk/resources/upload': 409 Client Error: CONFLICT for url: https://cloud-api.yandex.net/v1/disk/resources/upload?path=%2Fbackup%2Fprivet.txt&overwrite=false
/home/nastasiyaogokhiya/files_here/ | 2025-09-23 14:52:03 | ERROR | Ошибка во время синхронизации: Ошибка сети при операции 'загрузка файла': Ошибка сети при операции 'GET https://cloud-api.yandex.net/v1/disk/resources/upload': 409 Client Error: CONFLICT for url: https://cloud-api.yandex.net/v1/disk/resources/upload?path=%2Fbackup%2Fprivet.txt&overwrite=false
/home/nastasiyaogokhiya/files_here/ | 2025-09-23 14:52:44 | ERROR | Ошибка запроса: 409 Client Error: CONFLICT for url: https://cloud-api.yandex.net/v1/disk/resources/upload?path=%2Fbackup%2Fprivet.txt&overwrite=false
/home/nastasiyaogokhiya/files_here/ | 2025-09-23 14:52:44 | ERROR | Ошибка загрузки файла privet.txt: Ошибка сети при операции 'GET https://cloud-api.yandex.net/v1/disk/resources/upload': 409 Client Error: CONFLICT for url: https://cloud-api.yandex.net/v1/disk/resources/upload?path=%2Fbackup%2Fprivet.txt&overwrite=false
/home/nastasiyaogokhiya/files_here/ | 2025-09-23 14:52:44 | ERROR | Ошибка во время синхронизации: Ошибка сети при операции 'загрузка файла': Ошибка сети при операции 'GET https://cloud-api.yandex.net/v1/disk/resources/upload': 409 Client Error: CONFLICT for url: https://cloud-api.yandex.net/v1/disk/resources/upload?path=%2Fbackup%2Fprivet.txt&overwrite=false
/home/nastasiyaogokhiya/files_here/ | 2025-09-23 14:53:25 | ERROR | Ошибка запроса: 409 Client Error: CONFLICT for url: https://cloud-api.yandex.net/v1/disk/resources/upload?path=%2Fbackup%2Fprivet.txt&overwrite=false
/home/nastasiyaogokhiya/files_here/ | 2025-09-23 14:53:25 | ERROR | Ошибка загрузки файла privet.txt: Ошибка сети при операции 'GET https://cloud-api.yandex.net/v1/disk/resources/upload': 409 Client Error: CONFLICT for url: https://cloud-api.yandex.net/v1/disk/resources/upload?path=%2Fbackup%2Fprivet.txt&overwrite=false
/home/nastasiyaogokhiya/files_here/ | 2025-09-23 14:53:25 | ERROR | Ошибка во время синхронизации: Ошибка сети при операции 'загрузка файла': Ошибка сети при операции 'GET https://cloud-api.yandex.net/v1/disk/resources/upload': 409 Client Error: CONFLICT for url: https://cloud-api.yandex.net/v1/disk/resources/upload?path=%2Fbackup%2Fprivet.txt&overwrite=false
/home/nastasiyaogokhiya/files_here/ | 2025-09-23 15:00:48 | INFO | Программа синхронизации запущена!
/home/nastasiyaogokhiya/files_here/ | 2025-09-23 15:02:59 | INFO | Файл куку.txt успешно загружен.
/home/nastasiyaogokhiya/files_here/ | 2025-09-23 15:03:45 | INFO | Файл куку.txt успешно удалён.
/home/nastasiyaogokhiya/files_here/ | 2025-09-23 15:18:19 | ERROR | Ошибка загрузки файла file1.txt: Network failure
/home/nastasiyaogokhiya/files_here/ | 2025-09-23 15:18:27 | ERROR | Ошибка перезаписи файла file1.txt: Network failure
/home/nastasiyaogokhiya/files_here/ | 2025-09-23 15:18:45 | ERROR | Ошибка удаления file1.txt: Network failure
/home/nastasiyaogokhiya/files_here/ | 2025-09-23 15:18:45 | ERROR | Ошибка перезаписи файла file1.txt: Network failure
/home/nastasiyaogokhiya/files_here/ | 2025-09-23 15:18:45 | ERROR | Ошибка загрузки файла file1.txt: Network failure
/home/nastasiyaogokhiya/files_here/ | 2025-09-23 15:22:00 | INFO | Программа синхронизации запущена!
/home/nastasiyaogokhiya/files_here/ | 2025-09-23 15:22:10 | INFO | Файл privet.txt успешно перезаписан.
/home/nastasiyaogokhiya/files_here/ | 2025-09-23 15:22:14 | INFO | Файл lama.txt успешно перезаписан.
/home/nastasiyaogokhiya/files_here/ | 2025-09-23 15:23:04 | INFO | Файл хорошо.txt успешно загружен.
/home/nastasiyaogokhiya/files_here/ | 2025-09-23 15:23:06 | INFO | Файл privet.txt успешно удалён.
/home/nastasiyaogokhiya/files_here/ | 2025-09-23 15:23:47 | INFO | Файл хорошо.txt успешно перезаписан.
/home/nastasiyaogokhiya/files_here/ | 2025-09-23 15:24:52 | INFO | Программа синхронизации запущена!
/home/nastasiyaogokhiya/files_here/ | 2025-09-23 15:24:55 | INFO | Файл хорошо.txt успешно перезаписан.
/home/nastasiyaogokhiya/files_here/ | 2025-09-23 15:24:57 | INFO | Файл lama.txt успешно перезаписан.
/home/nastasiyaogokhiya/files_here/ | 2025-09-23 15:25:40 | INFO | Файл шуш.txt успешно загружен.
/home/nastasiyaogokhiya/files_here/ | 2025-09-23 15:25:41 | INFO | Файл оварв.txt успешно загружен.
/home/nastasiyaogokhiya/files_here/ | 2025-09-23 15:26:22 | INFO | Файл оварв.txt успешно перезаписан.
/home/nastasiyaogokhiya/files_here/ | 2025-09-23 15:26:23 | INFO | Файл шуш.txt успешно удалён.
/home/nastasiyaogokhiya/files_here/ | 2025-09-23 15:27:05 | INFO | Файл оварв.txt успешно удалён.
/home/nastasiyaogokhiya/files_here/ | 2025-09-24 13:22:51 | INFO | Программа синхронизации запущена!
/home/nastasiyaogokhiya/files_here/ | 2025-09-24 13:22:53 | INFO | Файл lama.txt успешно перезаписан.
/home/nastasiyaogokhiya/files_here/ | 2025-09-24 13:22:56 | INFO | Файл хорошо.txt успешно перезаписан.
/home/nastasiyaogokhiya/files_here/ | 2025-09-24 13:25:58 | INFO | Файл хорошо.txt успешно перезаписан.
/home/nastasiyaogokhiya/files_here/ | 2025-09-24 13:26:59 | INFO | Файл хорошо.txt успешно удалён.
